<?xml version="1.0" encoding="UTF-8"?>
<!-- Generated by org.testng.reporters.JUnitReportReporter -->
<testsuite hostname="LAPTOP-LVQ6JQ2H" failures="0" tests="2" name="startAppium.ParallelH_M" time="21.695" errors="0" timestamp="2024-04-22T10:53:54 IST" skipped="0">
  <testcase classname="startAppium.ParallelH_M" name="demo" time="11.853"/>
  <testcase classname="startAppium.ParallelH_M" name="demo" time="9.842"/>
</testsuite> <!-- startAppium.ParallelH_M -->
