<?xml version="1.0" encoding="UTF-8"?>
<!-- Generated by org.testng.reporters.JUnitReportReporter -->
<testsuite hostname="LAPTOP-LVQ6JQ2H" failures="0" tests="2" name="startAppium.ParallelExec" time="26.129" errors="0" timestamp="2024-04-22T10:49:19 IST" skipped="0">
  <testcase classname="startAppium.ParallelExec" name="demo" time="10.919"/>
  <testcase classname="startAppium.ParallelExec" name="demo" time="15.210"/>
</testsuite> <!-- startAppium.ParallelExec -->
