<?xml version="1.0" encoding="UTF-8"?>
<!-- Generated by org.testng.reporters.JUnitReportReporter -->
<testsuite hostname="LAPTOP-LVQ6JQ2H" failures="0" tests="1" name="drivers.UnLockAndInstall" time="28.799" errors="0" timestamp="2024-04-19T12:58:03 IST" skipped="0">
  <testcase classname="drivers.UnLockAndInstall" name="unInstall" time="28.799"/>
</testsuite> <!-- drivers.UnLockAndInstall -->
