<?xml version="1.0" encoding="UTF-8"?>
<!-- Generated by org.testng.reporters.JUnitReportReporter -->
<testsuite hostname="LAPTOP-LVQ6JQ2H" failures="0" tests="1" name="browserStack.MobileBrowserTestingHashMap" time="28.977" errors="0" timestamp="2024-04-23T12:37:17 IST" skipped="0">
  <testcase classname="browserStack.MobileBrowserTestingHashMap" name="mobileBrowser" time="28.977"/>
</testsuite> <!-- browserStack.MobileBrowserTestingHashMap -->
