<?xml version="1.0" encoding="UTF-8"?>
<!-- Generated by org.testng.reporters.JUnitReportReporter -->
<testsuite hostname="LAPTOP-LVQ6JQ2H" failures="0" tests="1" name="drivers.Activate" time="19.121" errors="0" timestamp="2024-04-19T14:39:10 IST" skipped="0">
  <testcase classname="drivers.Activate" name="activate" time="19.121"/>
</testsuite> <!-- drivers.Activate -->
