<?xml version="1.0" encoding="UTF-8"?>
<!-- Generated by org.testng.reporters.JUnitReportReporter -->
<testsuite hostname="LAPTOP-LVQ6JQ2H" failures="0" tests="1" name="gesture.Scroll" time="15.234" errors="0" timestamp="2024-04-19T11:38:07 IST" skipped="0">
  <testcase classname="gesture.Scroll" name="scroll" time="15.234"/>
</testsuite> <!-- gesture.Scroll -->
