<?xml version="1.0" encoding="UTF-8"?>
<!-- Generated by org.testng.reporters.JUnitReportReporter -->
<testsuite hostname="LAPTOP-LVQ6JQ2H" failures="0" tests="1" name="gesture.Swipe" time="15.435" errors="0" timestamp="2024-04-19T10:36:43 IST" skipped="0">
  <testcase classname="gesture.Swipe" name="swipeAction" time="15.435"/>
</testsuite> <!-- gesture.Swipe -->
