<?xml version="1.0" encoding="UTF-8"?>
<!-- Generated by org.testng.reporters.JUnitReportReporter -->
<testsuite hostname="LAPTOP-LVQ6JQ2H" failures="0" tests="1" name="demo.LaunchApp" time="10.640" errors="0" timestamp="2024-04-17T17:54:48 IST" skipped="0">
  <testcase classname="demo.LaunchApp" name="demo" time="10.640"/>
</testsuite> <!-- demo.LaunchApp -->
