<?xml version="1.0" encoding="UTF-8"?>
<!-- Generated by org.testng.reporters.JUnitReportReporter -->
<testsuite hostname="LAPTOP-LVQ6JQ2H" failures="0" tests="1" name="network.NetworkPrlm" time="6.157" errors="0" timestamp="2024-04-20T12:28:09 IST" skipped="0">
  <testcase classname="network.NetworkPrlm" name="networkOpt" time="6.157"/>
</testsuite> <!-- network.NetworkPrlm -->
