<?xml version="1.0" encoding="UTF-8"?>
<!-- Generated by org.testng.reporters.JUnitReportReporter -->
<testsuite hostname="LAPTOP-LVQ6JQ2H" failures="0" tests="1" name="h_m.EndToEndH_MTest" time="57.541" errors="0" timestamp="2024-04-23T13:04:15 IST" skipped="0">
  <testcase classname="h_m.EndToEndH_MTest" name="demo" time="57.541"/>
</testsuite> <!-- h_m.EndToEndH_MTest -->
