<?xml version="1.0" encoding="UTF-8"?>
<!-- Generated by org.testng.reporters.JUnitReportReporter -->
<testsuite hostname="LAPTOP-LVQ6JQ2H" failures="0" tests="1" name="genralStore.SwitchNativeApToWebApp" time="22.855" errors="0" timestamp="2024-04-20T13:42:32 IST" skipped="0">
  <testcase classname="genralStore.SwitchNativeApToWebApp" name="nativeTOWebApp" time="22.855"/>
</testsuite> <!-- genralStore.SwitchNativeApToWebApp -->
