<?xml version="1.0" encoding="UTF-8"?>
<!-- Generated by org.testng.reporters.JUnitReportReporter -->
<testsuite hostname="LAPTOP-LVQ6JQ2H" failures="0" tests="1" name="browserStack.WebBrowserTestingHashMap" time="8.706" errors="0" timestamp="2024-04-23T12:45:06 IST" skipped="0">
  <testcase classname="browserStack.WebBrowserTestingHashMap" name="webBrowser" time="8.706"/>
</testsuite> <!-- browserStack.WebBrowserTestingHashMap -->
