<?xml version="1.0" encoding="UTF-8"?>
<!-- Generated by org.testng.reporters.JUnitReportReporter -->
<testsuite hostname="LAPTOP-LVQ6JQ2H" failures="0" tests="1" name="h_m.End_To_End_Sce2Test" time="36.628" errors="0" timestamp="2024-04-24T16:14:22 IST" skipped="0">
  <testcase classname="h_m.End_To_End_Sce2Test" name="demo" time="36.628"/>
</testsuite> <!-- h_m.End_To_End_Sce2Test -->
