<?xml version="1.0" encoding="UTF-8"?>
<!-- Generated by org.testng.reporters.JUnitReportReporter -->
<testsuite hostname="LAPTOP-LVQ6JQ2H" failures="0" tests="1" name="drivers.MobileAction" time="6.698" errors="0" timestamp="2024-04-19T15:45:32 IST" skipped="0">
  <testcase classname="drivers.MobileAction" name="action" time="6.698"/>
</testsuite> <!-- drivers.MobileAction -->
