<?xml version="1.0" encoding="UTF-8"?>
<!-- Generated by org.testng.reporters.JUnitReportReporter -->
<testsuite hostname="LAPTOP-LVQ6JQ2H" failures="0" tests="1" name="drivers.AppInstall" time="9.535" errors="0" timestamp="2024-04-19T12:56:41 IST" skipped="0">
  <testcase classname="drivers.AppInstall" name="intallAppln" time="9.535"/>
</testsuite> <!-- drivers.AppInstall -->
