<?xml version="1.0" encoding="UTF-8"?>
<!-- Generated by org.testng.reporters.JUnitReportReporter -->
<testsuite hostname="LAPTOP-LVQ6JQ2H" failures="0" tests="1" name="h_m.AddToCartH_M" time="47.892" errors="0" timestamp="2024-04-23T13:02:39 IST" skipped="0">
  <testcase classname="h_m.AddToCartH_M" name="addToCartPro" time="47.892"/>
</testsuite> <!-- h_m.AddToCartH_M -->
