<?xml version="1.0" encoding="UTF-8"?>
<!-- Generated by org.testng.reporters.JUnitReportReporter -->
<testsuite hostname="LAPTOP-LVQ6JQ2H" failures="0" tests="1" name="h_m.H_M" time="7.050" errors="0" timestamp="2024-04-20T16:42:48 IST" skipped="0">
  <testcase classname="h_m.H_M" name="login" time="7.050"/>
</testsuite> <!-- h_m.H_M -->
