<?xml version="1.0" encoding="UTF-8"?>
<!-- Generated by org.testng.reporters.JUnitReportReporter -->
<testsuite hostname="LAPTOP-LVQ6JQ2H" failures="0" tests="1" name="demo.GestureActions" time="14.692" errors="0" timestamp="2024-04-18T11:31:41 IST" skipped="0">
  <testcase classname="demo.GestureActions" name="demo" time="14.692"/>
</testsuite> <!-- demo.GestureActions -->
