<?xml version="1.0" encoding="UTF-8"?>
<!-- Generated by org.testng.reporters.JUnitReportReporter -->
<testsuite hostname="LAPTOP-LVQ6JQ2H" failures="0" tests="1" name="gesture.DoubleClick" time="12.804" errors="0" timestamp="2024-04-18T15:56:13 IST" skipped="0">
  <testcase classname="gesture.DoubleClick" name="doubleClick" time="12.804"/>
</testsuite> <!-- gesture.DoubleClick -->
