<?xml version="1.0" encoding="UTF-8"?>
<!-- Generated by org.testng.reporters.JUnitReportReporter -->
<testsuite hostname="LAPTOP-LVQ6JQ2H" failures="0" tests="1" name="browser.LaunchBrowser" time="8.010" errors="1" timestamp="2024-04-20T15:19:16 IST" skipped="0">
  <testcase classname="browser.LaunchBrowser" name="launchBrowser" time="8.010">
    <error message="Could not start a new session. Response code 500. Message: An unknown server-side error occurred while processing the command. Original error: An unknown server-side error occurred while processing the command. Original error: unknown error: Failed to clear data for com.android.chrome on device 72613c38: 
Exception occurred while executing &#039;clear&#039;:
java.lang.SecurityException: PID 6690 does not have permission android.permission.CLEAR_APP_USER_DATA to clear data of package com.android.chrome
	at com.android.server.am.ActivityManagerService.clearApplicationUserData(ActivityManagerService.java:3806)
	at com.android.server.pm.PackageManagerShellCommand.runClear(PackageManagerShellCommand.java:2178)
	at com.android.server.pm.PackageManagerShellCommand.onCommand(PackageManagerShellCommand.java:236)
	at com.android.modules.utils.BasicShellCommandHandler.exec(BasicShellCommandHandler.java:97)
	at android.os.ShellCommand.exec(ShellCommand.java:38)
	at com.android.server.pm.PackageManagerService.onShellCommand(PackageManagerService.java:25894)
	at android.os.Binder.shellCommand(Binder.java:970)
	at android.os.Binder.onTransact(Binder.java:854)
	at android.content.pm.IPackageManager$Stub.onTransact(IPackageManager.java:4818)
	at com.android.server.pm.PackageManagerService.onTransact(PackageManagerService.java:8974)
	at android.os.Binder.execTransactInternal(Binder.java:1226)
	at android.os.Binder.execTransact(Binder.java:1163)
 
Host info: host: &#039;LAPTOP-LVQ6JQ2H&#039;, ip: &#039;192.168.163.10&#039;
Build info: version: &#039;4.13.0&#039;, revision: &#039;ba948ece5b*&#039;
System info: os.name: &#039;Windows 11&#039;, os.arch: &#039;amd64&#039;, os.version: &#039;10.0&#039;, java.version: &#039;11.0.21&#039;
Driver info: io.appium.java_client.android.AndroidDriver
Command: [null, newSession {capabilities=[{appium:UDID=72613c38, appium:autoGrantPermission=true, appium:automationName=uiAutomator2, browserName=chrome, appium:deviceName=OnePlus9R, appium:ignoreHiddenApiPolicyError=true, appium:noReset=true, platformName=ANDROID}], desiredCapabilities=Capabilities {UDID: 72613c38, autoGrantPermission: true, automationName: uiAutomator2, browserName: chrome, deviceName: OnePlus9R, ignoreHiddenApiPolicyError: true, noReset: true, platformName: ANDROID}}]
Capabilities {UDID: 72613c38, autoGrantPermission: true, automationName: uiAutomator2, browserName: chrome, deviceName: OnePlus9R, ignoreHiddenApiPolicyError: true, noReset: true, platformName: ANDROID}" type="org.openqa.selenium.SessionNotCreatedException">
      <![CDATA[org.openqa.selenium.SessionNotCreatedException: Could not start a new session. Response code 500. Message: An unknown server-side error occurred while processing the command. Original error: An unknown server-side error occurred while processing the command. Original error: unknown error: Failed to clear data for com.android.chrome on device 72613c38: 
Exception occurred while executing 'clear':
java.lang.SecurityException: PID 6690 does not have permission android.permission.CLEAR_APP_USER_DATA to clear data of package com.android.chrome
at com.android.server.am.ActivityManagerService.clearApplicationUserData(ActivityManagerService.java:3806)
at com.android.server.pm.PackageManagerShellCommand.runClear(PackageManagerShellCommand.java:2178)
at com.android.server.pm.PackageManagerShellCommand.onCommand(PackageManagerShellCommand.java:236)
at com.android.modules.utils.BasicShellCommandHandler.exec(BasicShellCommandHandler.java:97)
at android.os.ShellCommand.exec(ShellCommand.java:38)
at com.android.server.pm.PackageManagerService.onShellCommand(PackageManagerService.java:25894)
at android.os.Binder.shellCommand(Binder.java:970)
at android.os.Binder.onTransact(Binder.java:854)
at android.content.pm.IPackageManager$Stub.onTransact(IPackageManager.java:4818)
at com.android.server.pm.PackageManagerService.onTransact(PackageManagerService.java:8974)
at android.os.Binder.execTransactInternal(Binder.java:1226)
at android.os.Binder.execTransact(Binder.java:1163)
 
Host info: host: 'LAPTOP-LVQ6JQ2H', ip: '192.168.163.10'
Build info: version: '4.13.0', revision: 'ba948ece5b*'
System info: os.name: 'Windows 11', os.arch: 'amd64', os.version: '10.0', java.version: '11.0.21'
Driver info: io.appium.java_client.android.AndroidDriver
Command: [null, newSession {capabilities=[{appium:UDID=72613c38, appium:autoGrantPermission=true, appium:automationName=uiAutomator2, browserName=chrome, appium:deviceName=OnePlus9R, appium:ignoreHiddenApiPolicyError=true, appium:noReset=true, platformName=ANDROID}], desiredCapabilities=Capabilities {UDID: 72613c38, autoGrantPermission: true, automationName: uiAutomator2, browserName: chrome, deviceName: OnePlus9R, ignoreHiddenApiPolicyError: true, noReset: true, platformName: ANDROID}}]
Capabilities {UDID: 72613c38, autoGrantPermission: true, automationName: uiAutomator2, browserName: chrome, deviceName: OnePlus9R, ignoreHiddenApiPolicyError: true, noReset: true, platformName: ANDROID}
at org.openqa.selenium.remote.ProtocolHandshake.createSession(ProtocolHandshake.java:140)
at java.base/jdk.internal.reflect.NativeMethodAccessorImpl.invoke0(Native Method)
at java.base/jdk.internal.reflect.NativeMethodAccessorImpl.invoke(NativeMethodAccessorImpl.java:62)
at java.base/jdk.internal.reflect.DelegatingMethodAccessorImpl.invoke(DelegatingMethodAccessorImpl.java:43)
at java.base/java.lang.reflect.Method.invoke(Method.java:566)
at io.appium.java_client.remote.AppiumProtocolHandshake.createSession(AppiumProtocolHandshake.java:133)
at io.appium.java_client.remote.AppiumProtocolHandshake.createSession(AppiumProtocolHandshake.java:102)
at io.appium.java_client.remote.AppiumCommandExecutor.createSession(AppiumCommandExecutor.java:182)
at io.appium.java_client.remote.AppiumCommandExecutor.execute(AppiumCommandExecutor.java:250)
at org.openqa.selenium.remote.RemoteWebDriver.execute(RemoteWebDriver.java:602)
at io.appium.java_client.AppiumDriver.startSession(AppiumDriver.java:274)
at org.openqa.selenium.remote.RemoteWebDriver.<init>(RemoteWebDriver.java:163)
at io.appium.java_client.AppiumDriver.<init>(AppiumDriver.java:89)
at io.appium.java_client.AppiumDriver.<init>(AppiumDriver.java:101)
at io.appium.java_client.android.AndroidDriver.<init>(AndroidDriver.java:113)
at browser.LaunchBrowser.launchBrowser(LaunchBrowser.java:26)
at java.base/jdk.internal.reflect.NativeMethodAccessorImpl.invoke0(Native Method)
at java.base/jdk.internal.reflect.NativeMethodAccessorImpl.invoke(NativeMethodAccessorImpl.java:62)
at java.base/jdk.internal.reflect.DelegatingMethodAccessorImpl.invoke(DelegatingMethodAccessorImpl.java:43)
at java.base/java.lang.reflect.Method.invoke(Method.java:566)
at org.testng.internal.invokers.MethodInvocationHelper.invokeMethod(MethodInvocationHelper.java:139)
at org.testng.internal.invokers.TestInvoker.invokeMethod(TestInvoker.java:664)
at org.testng.internal.invokers.TestInvoker.invokeTestMethod(TestInvoker.java:227)
at org.testng.internal.invokers.MethodRunner.runInSequence(MethodRunner.java:50)
at org.testng.internal.invokers.TestInvoker$MethodInvocationAgent.invoke(TestInvoker.java:957)
at org.testng.internal.invokers.TestInvoker.invokeTestMethods(TestInvoker.java:200)
at org.testng.internal.invokers.TestMethodWorker.invokeTestMethods(TestMethodWorker.java:148)
at org.testng.internal.invokers.TestMethodWorker.run(TestMethodWorker.java:128)
at java.base/java.util.ArrayList.forEach(ArrayList.java:1541)
at org.testng.TestRunner.privateRun(TestRunner.java:848)
at org.testng.TestRunner.run(TestRunner.java:621)
at org.testng.SuiteRunner.runTest(SuiteRunner.java:443)
at org.testng.SuiteRunner.runSequentially(SuiteRunner.java:437)
at org.testng.SuiteRunner.privateRun(SuiteRunner.java:397)
at org.testng.SuiteRunner.run(SuiteRunner.java:336)
at org.testng.SuiteRunnerWorker.runSuite(SuiteRunnerWorker.java:52)
at org.testng.SuiteRunnerWorker.run(SuiteRunnerWorker.java:95)
at org.testng.TestNG.runSuitesSequentially(TestNG.java:1280)
at org.testng.TestNG.runSuitesLocally(TestNG.java:1200)
at org.testng.TestNG.runSuites(TestNG.java:1114)
at org.testng.TestNG.run(TestNG.java:1082)
at org.testng.remote.AbstractRemoteTestNG.run(AbstractRemoteTestNG.java:115)
at org.testng.remote.RemoteTestNG.initAndRun(RemoteTestNG.java:251)
at org.testng.remote.RemoteTestNG.main(RemoteTestNG.java:77)
]]>
    </error>
  </testcase> <!-- launchBrowser -->
</testsuite> <!-- browser.LaunchBrowser -->
