<?xml version="1.0" encoding="UTF-8"?>
<!-- Generated by org.testng.reporters.JUnitReportReporter -->
<testsuite hostname="LAPTOP-LVQ6JQ2H" failures="0" tests="1" name="gesture.SwipeAction" time="7.457" errors="0" timestamp="2024-04-19T11:09:49 IST" skipped="0">
  <testcase classname="gesture.SwipeAction" name="swipe" time="7.457"/>
</testsuite> <!-- gesture.SwipeAction -->
