<?xml version="1.0" encoding="UTF-8"?>
<!-- Generated by org.testng.reporters.JUnitReportReporter -->
<testsuite hostname="LAPTOP-LVQ6JQ2H" failures="0" tests="1" name="startAppium.AppiumStartUsingScript" time="16.849" errors="0" timestamp="2024-04-20T16:21:21 IST" skipped="0">
  <testcase classname="startAppium.AppiumStartUsingScript" name="startAppium" time="16.849"/>
</testsuite> <!-- startAppium.AppiumStartUsingScript -->
