<?xml version="1.0" encoding="UTF-8"?>
<!-- Generated by org.testng.reporters.JUnitReportReporter -->
<testsuite hostname="LAPTOP-LVQ6JQ2H" failures="0" tests="1" name="drivers.LockedNotificationHideKeyboard" time="12.054" errors="0" timestamp="2024-04-19T15:04:15 IST" skipped="0">
  <testcase classname="drivers.LockedNotificationHideKeyboard" name="perform" time="12.054"/>
</testsuite> <!-- drivers.LockedNotificationHideKeyboard -->
