<?xml version="1.0" encoding="UTF-8"?>
<!-- Generated by org.testng.reporters.JUnitReportReporter -->
<testsuite hostname="LAPTOP-LVQ6JQ2H" failures="0" tests="1" name="gesture.Drag" time="11.137" errors="0" timestamp="2024-04-18T12:58:39 IST" skipped="0">
  <testcase classname="gesture.Drag" name="drag" time="11.137"/>
</testsuite> <!-- gesture.Drag -->
