<?xml version="1.0" encoding="UTF-8"?>
<!-- Generated by org.testng.reporters.JUnitReportReporter -->
<testsuite hostname="LAPTOP-LVQ6JQ2H" failures="0" tests="1" name="network.Network" time="6.629" errors="0" timestamp="2024-04-20T12:17:31 IST" skipped="0">
  <testcase classname="network.Network" name="networkAction" time="6.629"/>
</testsuite> <!-- network.Network -->
