<?xml version="1.0" encoding="UTF-8"?>
<!-- Generated by org.testng.reporters.JUnitReportReporter -->
<testsuite hostname="LAPTOP-LVQ6JQ2H" failures="0" tests="1" name="browserStack.Demo" time="29.518" errors="0" timestamp="2024-04-23T11:52:10 IST" skipped="0">
  <testcase classname="browserStack.Demo" name="demo1" time="29.518"/>
</testsuite> <!-- browserStack.Demo -->
