<?xml version="1.0" encoding="UTF-8"?>
<!-- Generated by org.testng.reporters.JUnitReportReporter -->
<testsuite hostname="LAPTOP-LVQ6JQ2H" failures="0" tests="1" name="h_m.LoginIntoHAndM" time="6.461" errors="0" timestamp="2024-04-19T18:20:09 IST" skipped="0">
  <testcase classname="h_m.LoginIntoHAndM" name="login" time="6.461"/>
</testsuite> <!-- h_m.LoginIntoHAndM -->
