<?xml version="1.0" encoding="UTF-8"?>
<!-- Generated by org.testng.reporters.JUnitReportReporter -->
<testsuite hostname="LAPTOP-LVQ6JQ2H" failures="0" tests="1" name="userGenrictest.Add_product_to_Wishlist_and_remove_product_from_Wishlist_Genric_Test" time="11.287" errors="0" timestamp="2024-04-08T17:10:59 IST" skipped="0">
  <testcase classname="userGenrictest.Add_product_to_Wishlist_and_remove_product_from_Wishlist_Genric_Test" name="Add_product_to_Wishlist" time="11.287"/>
  <system-out/>
</testsuite> <!-- userGenrictest.Add_product_to_Wishlist_and_remove_product_from_Wishlist_Genric_Test -->
