<?xml version="1.0" encoding="UTF-8"?>
<!-- Generated by org.testng.reporters.JUnitReportReporter -->
<testsuite hostname="LAPTOP-LVQ6JQ2H" failures="0" tests="1" name="admintest.Verify_the_product_is_displayed_in_the_user_module_Test" time="26.146" errors="0" timestamp="2024-04-08T14:45:39 IST" skipped="0">
  <testcase classname="admintest.Verify_the_product_is_displayed_in_the_user_module_Test" name="VerifyTheProduct" time="26.146"/>
  <system-out/>
</testsuite> <!-- admintest.Verify_the_product_is_displayed_in_the_user_module_Test -->
