<?xml version="1.0" encoding="UTF-8"?>
<!-- Generated by org.testng.reporters.JUnitReportReporter -->
<testsuite hostname="LAPTOP-LVQ6JQ2H" failures="0" tests="2" name="genricClass.DemoTest" time="19.199" errors="0" timestamp="2024-04-12T12:36:20 IST" skipped="0">
  <testcase classname="genricClass.DemoTest" name="Login_as_user_select_product" time="7.519"/>
  <system-out/>
  <testcase classname="genricClass.DemoTest" name="Add_product_to_Wishlist" time="11.680"/>
  <system-out/>
</testsuite> <!-- genricClass.DemoTest -->
