<?xml version="1.0" encoding="UTF-8"?>
<!-- Generated by org.testng.reporters.JUnitReportReporter -->
<testsuite hostname="LAPTOP-LVQ6JQ2H" failures="0" tests="3" name="testng.DPTest" time="0.017" errors="0" timestamp="2024-04-08T12:08:35 IST" skipped="0">
  <testcase classname="testng.DPTest" name="getData" time="0.001"/>
  <system-out/>
  <testcase classname="testng.DPTest" name="getData" time="0.014"/>
  <system-out/>
  <testcase classname="testng.DPTest" name="getData" time="0.002"/>
  <system-out/>
</testsuite> <!-- testng.DPTest -->
