<?xml version="1.0" encoding="UTF-8"?>
<!-- Generated by org.testng.reporters.JUnitReportReporter -->
<testsuite hostname="LAPTOP-LVQ6JQ2H" failures="0" tests="2" name="testng.DataProviderTest" time="7.555" errors="0" timestamp="2024-04-08T10:15:35 IST" skipped="0">
  <testcase classname="testng.DataProviderTest" name="getData" time="2.048"/>
  <system-out/>
  <testcase classname="testng.DataProviderTest" name="getData" time="5.507"/>
  <system-out/>
</testsuite> <!-- testng.DataProviderTest -->
