<?xml version="1.0" encoding="UTF-8"?>
<!-- Generated by org.testng.reporters.JUnitReportReporter -->
<testsuite hostname="LAPTOP-LVQ6JQ2H" failures="0" tests="3" name="genricClass.SampleTest" time="25.499" errors="0" timestamp="2024-04-12T16:47:04 IST" skipped="0">
  <testcase classname="genricClass.SampleTest" name="Verify_the_product" time="15.627"/>
  <system-out/>
  <testcase classname="genricClass.SampleTest" name="Updating_the_category_details" time="4.798"/>
  <system-out/>
  <testcase classname="genricClass.SampleTest" name="Delete_Category" time="5.074"/>
  <system-out/>
</testsuite> <!-- genricClass.SampleTest -->
