<?xml version="1.0" encoding="UTF-8"?>
<!-- Generated by org.testng.reporters.JUnitReportReporter -->
<testsuite hostname="LAPTOP-LVQ6JQ2H" failures="0" tests="2" name="testng.AnnotationsTest" time="0.012" errors="0" timestamp="2024-04-08T13:24:14 IST" skipped="0">
  <testcase classname="testng.AnnotationsTest" name="testScript1" time="0.010"/>
  <system-out/>
  <testcase classname="testng.AnnotationsTest" name="testScript2" time="0.002"/>
  <system-out/>
</testsuite> <!-- testng.AnnotationsTest -->
