<?xml version="1.0" encoding="UTF-8"?>
<!-- Generated by org.testng.reporters.JUnitReportReporter -->
<testsuite hostname="LAPTOP-LVQ6JQ2H" failures="0" tests="1" name="userGenrictest.Login_as_user_select_product_add_to_cart_and_make_payment_Genric_Test" time="11.731" errors="0" timestamp="2024-04-08T17:14:05 IST" skipped="0">
  <testcase classname="userGenrictest.Login_as_user_select_product_add_to_cart_and_make_payment_Genric_Test" name="Login_as_user_select_product" time="11.731"/>
  <system-out/>
</testsuite> <!-- userGenrictest.Login_as_user_select_product_add_to_cart_and_make_payment_Genric_Test -->
